<?xml version="1.0" encoding="UTF-8"?>
<!-- Generated by org.testng.reporters.JUnitReportReporter -->
<testsuite skipped="0" hostname="DESKTOP-E3NQSM7" name="Run.Forgot_psswd" tests="1" failures="0" timestamp="2020-02-23T11:44:38 EST" time="3.434" errors="0">
  <testcase name="f" time="3.434" classname="Run.Forgot_psswd"/>
</testsuite> <!-- Run.Forgot_psswd -->
