<?xml version="1.0" encoding="UTF-8"?>
<!-- Generated by org.testng.reporters.JUnitReportReporter -->
<testsuite skipped="0" hostname="DESKTOP-E3NQSM7" name="Run.Home_Site" tests="1" failures="0" timestamp="2020-02-23T11:44:38 EST" time="4.106" errors="0">
  <testcase name="f" time="4.106" classname="Run.Home_Site"/>
</testsuite> <!-- Run.Home_Site -->
